v2.0 raw
0000
284e
0000
280d
009f
0e03
009e
2016
0e03
0083
0e9f
0e1f
0009
0000
1683
1786
1283
3088
008b
1585
1185
2815
0000
1683
307f
0086
1283
3004
009c
3018
0084
0000
1485
1085
0100
0806
1803
2828
0080
0a84
0b9c
281f
3012
009d
3018
0084
3048
0880
1c03
283a
0a84
3069
0880
1c03
283a
0a84
300c
009d
0000
1683
3080
0086
1283
081d
0084
3006
009c
0800
0086
1505
1105
0a84
0b9c
2843
1585
1185
100b
3400
0000
3048
008c
3065
008d
306c
008e
306c
008f
306f
0090
300a
0091
3062
0092
3069
0093
3073
0094
306f
0095
3075
0096
300a
0097
3000
0098
3000
0099
3000
009a
3000
009b
2802
